/usr/libexec/mysqld, Version: 5.5.43-MariaDB-log (MariaDB Server). started with:
Tcp port: 11738  Unix socket: /srv/bindings/0bc1ad94032b4e64a86fe2dcb296f67a/data/mysql.sock
Time                 Id Command    Argument
/usr/libexec/mysqld, Version: 5.5.43-MariaDB-log (MariaDB Server). started with:
Tcp port: 11738  Unix socket: /srv/bindings/0bc1ad94032b4e64a86fe2dcb296f67a/data/mysql.sock
Time                 Id Command    Argument
# Time: 150724 22:28:01
# User@Host: pantheon[pantheon] @  [166.78.101.87]
# Thread_id: 2092  Schema:   QC_hit: No
# Query_time: 2.186611  Lock_time: 0.000170  Rows_sent: 1  Rows_examined: 383
SET timestamp=1437776881;
SELECT IFNULL(ROUND((sum(DATA_LENGTH) + sum(INDEX_LENGTH))), 0) AS Size FROM INFORMATION_SCHEMA.TABLES where TABLE_SCHEMA = "pantheon";
/usr/libexec/mysqld, Version: 5.5.43-MariaDB-log (MariaDB Server). started with:
Tcp port: 11738  Unix socket: /srv/bindings/0bc1ad94032b4e64a86fe2dcb296f67a/data/mysql.sock
Time                 Id Command    Argument
/usr/libexec/mysqld, Version: 5.5.43-MariaDB-log (MariaDB Server). started with:
Tcp port: 11738  Unix socket: /srv/bindings/0bc1ad94032b4e64a86fe2dcb296f67a/data/mysql.sock
Time                 Id Command    Argument
/usr/libexec/mysqld, Version: 5.5.43-MariaDB-log (MariaDB Server). started with:
Tcp port: 11738  Unix socket: /srv/bindings/0bc1ad94032b4e64a86fe2dcb296f67a/data/mysql.sock
Time                 Id Command    Argument
/usr/libexec/mysqld, Version: 5.5.43-MariaDB-log (MariaDB Server). started with:
Tcp port: 11738  Unix socket: /srv/bindings/0bc1ad94032b4e64a86fe2dcb296f67a/data/mysql.sock
Time                 Id Command    Argument
/usr/libexec/mysqld, Version: 5.5.43-MariaDB-log (MariaDB Server). started with:
Tcp port: 11738  Unix socket: /srv/bindings/0bc1ad94032b4e64a86fe2dcb296f67a/data/mysql.sock
Time                 Id Command    Argument
/usr/libexec/mysqld, Version: 5.5.43-MariaDB-log (MariaDB Server). started with:
Tcp port: 11738  Unix socket: /srv/bindings/0bc1ad94032b4e64a86fe2dcb296f67a/data/mysql.sock
Time                 Id Command    Argument
/usr/libexec/mysqld, Version: 5.5.43-MariaDB-log (MariaDB Server). started with:
Tcp port: 11738  Unix socket: /srv/bindings/0bc1ad94032b4e64a86fe2dcb296f67a/data/mysql.sock
Time                 Id Command    Argument
/usr/libexec/mysqld, Version: 5.5.43-MariaDB-log (MariaDB Server). started with:
Tcp port: 11738  Unix socket: /srv/bindings/0bc1ad94032b4e64a86fe2dcb296f67a/data/mysql.sock
Time                 Id Command    Argument
/usr/libexec/mysqld, Version: 5.5.43-MariaDB-log (MariaDB Server). started with:
Tcp port: 11738  Unix socket: /srv/bindings/0bc1ad94032b4e64a86fe2dcb296f67a/data/mysql.sock
Time                 Id Command    Argument
/usr/libexec/mysqld, Version: 5.5.43-MariaDB-log (MariaDB Server). started with:
Tcp port: 11738  Unix socket: /srv/bindings/0bc1ad94032b4e64a86fe2dcb296f67a/data/mysql.sock
Time                 Id Command    Argument
/usr/libexec/mysqld, Version: 5.5.43-MariaDB-log (MariaDB Server). started with:
Tcp port: 11738  Unix socket: /srv/bindings/0bc1ad94032b4e64a86fe2dcb296f67a/data/mysql.sock
Time                 Id Command    Argument
/usr/libexec/mysqld, Version: 5.5.43-MariaDB-log (MariaDB Server). started with:
Tcp port: 11738  Unix socket: /srv/bindings/0bc1ad94032b4e64a86fe2dcb296f67a/data/mysql.sock
Time                 Id Command    Argument
/usr/libexec/mysqld, Version: 5.5.43-MariaDB-log (MariaDB Server). started with:
Tcp port: 11738  Unix socket: /srv/bindings/0bc1ad94032b4e64a86fe2dcb296f67a/data/mysql.sock
Time                 Id Command    Argument
/usr/libexec/mysqld, Version: 5.5.43-MariaDB-log (MariaDB Server). started with:
Tcp port: 11738  Unix socket: /srv/bindings/0bc1ad94032b4e64a86fe2dcb296f67a/data/mysql.sock
Time                 Id Command    Argument
/usr/libexec/mysqld, Version: 5.5.43-MariaDB-log (MariaDB Server). started with:
Tcp port: 11738  Unix socket: /srv/bindings/0bc1ad94032b4e64a86fe2dcb296f67a/data/mysql.sock
Time                 Id Command    Argument
/usr/libexec/mysqld, Version: 5.5.43-MariaDB-log (MariaDB Server). started with:
Tcp port: 11738  Unix socket: /srv/bindings/0bc1ad94032b4e64a86fe2dcb296f67a/data/mysql.sock
Time                 Id Command    Argument
/usr/libexec/mysqld, Version: 5.5.43-MariaDB-log (MariaDB Server). started with:
Tcp port: 11738  Unix socket: /srv/bindings/0bc1ad94032b4e64a86fe2dcb296f67a/data/mysql.sock
Time                 Id Command    Argument
/usr/libexec/mysqld, Version: 5.5.43-MariaDB-log (MariaDB Server). started with:
Tcp port: 11738  Unix socket: /srv/bindings/0bc1ad94032b4e64a86fe2dcb296f67a/data/mysql.sock
Time                 Id Command    Argument
/usr/libexec/mysqld, Version: 5.5.43-MariaDB-log (MariaDB Server). started with:
Tcp port: 11738  Unix socket: /srv/bindings/0bc1ad94032b4e64a86fe2dcb296f67a/data/mysql.sock
Time                 Id Command    Argument
/usr/libexec/mysqld, Version: 5.5.43-MariaDB-log (MariaDB Server). started with:
Tcp port: 11738  Unix socket: /srv/bindings/0bc1ad94032b4e64a86fe2dcb296f67a/data/mysql.sock
Time                 Id Command    Argument
/usr/libexec/mysqld, Version: 5.5.43-MariaDB-log (MariaDB Server). started with:
Tcp port: 11738  Unix socket: /srv/bindings/0bc1ad94032b4e64a86fe2dcb296f67a/data/mysql.sock
Time                 Id Command    Argument
/usr/libexec/mysqld, Version: 5.5.43-MariaDB-log (MariaDB Server). started with:
Tcp port: 11738  Unix socket: /srv/bindings/0bc1ad94032b4e64a86fe2dcb296f67a/data/mysql.sock
Time                 Id Command    Argument
/usr/libexec/mysqld, Version: 5.5.43-MariaDB-log (MariaDB Server). started with:
Tcp port: 11738  Unix socket: /srv/bindings/0bc1ad94032b4e64a86fe2dcb296f67a/data/mysql.sock
Time                 Id Command    Argument
